  UnitTest_Lab_2.6.cpp
     Creating library E:\NULP\2 Semester\OOP\Student\ІК-12\Lab_2.6\Debug\UnitTest_Lab_2.6.lib and object E:\NULP\2 Semester\OOP\Student\ІК-12\Lab_2.6\Debug\UnitTest_Lab_2.6.exp
UnitTest_Lab_2.6.obj : error LNK2019: unresolved external symbol "public: __thiscall Rectangle::Pair::Pair(int,int)" (??0Pair@Rectangle@@QAE@HH@Z) referenced in function "public: void __thiscall UnitTestLab26::UnitTestLab26::TestMethod_Perimeter(void)" (?TestMethod_Perimeter@UnitTestLab26@1@QAEXXZ)
UnitTest_Lab_2.6.obj : error LNK2019: unresolved external symbol "public: __thiscall Rectangle::Pair::~Pair(void)" (??1Pair@Rectangle@@QAE@XZ) referenced in function "public: void __thiscall UnitTestLab26::UnitTestLab26::TestMethod_Perimeter(void)" (?TestMethod_Perimeter@UnitTestLab26@1@QAEXXZ)
UnitTest_Lab_2.6.obj : error LNK2019: unresolved external symbol "public: __thiscall Rectangle::Rectangle(class Rectangle::Pair const &)" (??0Rectangle@@QAE@ABVPair@0@@Z) referenced in function "public: void __thiscall UnitTestLab26::UnitTestLab26::TestMethod_Perimeter(void)" (?TestMethod_Perimeter@UnitTestLab26@1@QAEXXZ)
UnitTest_Lab_2.6.obj : error LNK2019: unresolved external symbol "public: __thiscall Rectangle::~Rectangle(void)" (??1Rectangle@@QAE@XZ) referenced in function "public: void * __thiscall Rectangle::`scalar deleting destructor'(unsigned int)" (??_GRectangle@@QAEPAXI@Z)
UnitTest_Lab_2.6.obj : error LNK2019: unresolved external symbol "public: static int __cdecl Rectangle::getCounter(void)" (?getCounter@Rectangle@@SAHXZ) referenced in function "public: void __thiscall UnitTestLab26::UnitTestLab26::TestMethod_Perimeter(void)" (?TestMethod_Perimeter@UnitTestLab26@1@QAEXXZ)
UnitTest_Lab_2.6.obj : error LNK2019: unresolved external symbol "public: int __thiscall Rectangle::getPerimeter(void)const " (?getPerimeter@Rectangle@@QBEHXZ) referenced in function "public: void __thiscall UnitTestLab26::UnitTestLab26::TestMethod_Perimeter(void)" (?TestMethod_Perimeter@UnitTestLab26@1@QAEXXZ)
E:\NULP\2 Semester\OOP\Student\ІК-12\Lab_2.6\Debug\UnitTest_Lab_2.6.dll : fatal error LNK1120: 6 unresolved externals
